<?xml version="1.0" encoding="UTF-8"?>
<!-- Generated by org.testng.reporters.JUnitReportReporter -->
<testsuite hostname="LAPTOP-5KMFOFH9" failures="0" tests="1" name="webtest.ExcelReader" time="0.847" errors="0" timestamp="2024-05-19T07:51:57 IST" skipped="0">
  <testcase classname="webtest.ExcelReader" name="dataRead" time="0.847"/>
  <system-out/>
</testsuite> <!-- webtest.ExcelReader -->
