<?xml version="1.0" encoding="UTF-8"?>
<!-- Generated by org.testng.reporters.JUnitReportReporter -->
<testsuite hostname="DESKTOP-HDR50TJ" failures="0" tests="4" name="tests.AdminTest" time="19.181" errors="0" timestamp="2024-05-23T13:51:58 IST" skipped="0">
  <testcase classname="tests.AdminTest" name="login" time="9.000"/>
  <system-out/>
  <testcase classname="tests.AdminTest" name="testSearchByUsername" time="4.481"/>
  <system-out/>
  <testcase classname="tests.AdminTest" name="testSearchByUserRole" time="4.485"/>
  <system-out/>
  <testcase classname="tests.AdminTest" name="testSearchByUserStatus" time="1.215"/>
  <system-out/>
</testsuite> <!-- tests.AdminTest -->
