<?xml version="1.0" encoding="UTF-8"?>
<!-- Generated by org.testng.reporters.JUnitReportReporter -->
<testsuite hostname="LAPTOP-5KMFOFH9" failures="0" tests="1" name="webtest.GoogleTest" time="6.590" errors="0" timestamp="2024-04-15T22:06:25 IST" skipped="0">
  <testcase classname="webtest.GoogleTest" name="testCase" time="6.590"/>
  <system-out/>
</testsuite> <!-- webtest.GoogleTest -->
